  Source.cpp
E:\UMT\1st Semester\Projects\Programming Fundamentals(PF)\Code\SAS Resturant Application\Source.cpp(10,1): warning C4005: '_WIN32_WINNT': macro redefinition
  C:\Program Files (x86)\Windows Kits\10\Include\10.0.22621.0\shared\sdkddkver.h(224,1):
  see previous definition of '_WIN32_WINNT'
  
E:\UMT\1st Semester\Projects\Programming Fundamentals(PF)\Code\SAS Resturant Application\Source.cpp(181,21): warning C4244: '=': conversion from 'float' to 'SHORT', possible loss of data
E:\UMT\1st Semester\Projects\Programming Fundamentals(PF)\Code\SAS Resturant Application\Source.cpp(182,21): warning C4244: '=': conversion from 'float' to 'SHORT', possible loss of data
E:\UMT\1st Semester\Projects\Programming Fundamentals(PF)\Code\SAS Resturant Application\Source.cpp(216,14): warning C4267: 'initializing': conversion from 'size_t' to 'int', possible loss of data
E:\UMT\1st Semester\Projects\Programming Fundamentals(PF)\Code\SAS Resturant Application\Source.cpp(595,13): warning C4244: 'argument': conversion from 'int' to 'float', possible loss of data
E:\UMT\1st Semester\Projects\Programming Fundamentals(PF)\Code\SAS Resturant Application\Source.cpp(600,14): warning C4244: 'argument': conversion from 'int' to 'float', possible loss of data
E:\UMT\1st Semester\Projects\Programming Fundamentals(PF)\Code\SAS Resturant Application\Source.cpp(679,15): warning C4244: 'argument': conversion from 'int' to 'float', possible loss of data
E:\UMT\1st Semester\Projects\Programming Fundamentals(PF)\Code\SAS Resturant Application\Source.cpp(684,16): warning C4244: 'argument': conversion from 'int' to 'float', possible loss of data
E:\UMT\1st Semester\Projects\Programming Fundamentals(PF)\Code\SAS Resturant Application\Source.cpp(760,13): warning C4553: '==': result of expression not used; did you intend '='?
E:\UMT\1st Semester\Projects\Programming Fundamentals(PF)\Code\SAS Resturant Application\Source.cpp(579,6): warning C4101: 'choice_On_Termination': unreferenced local variable
E:\UMT\1st Semester\Projects\Programming Fundamentals(PF)\Code\SAS Resturant Application\Source.cpp(814,13): warning C4244: 'argument': conversion from 'int' to 'float', possible loss of data
E:\UMT\1st Semester\Projects\Programming Fundamentals(PF)\Code\SAS Resturant Application\Source.cpp(819,14): warning C4244: 'argument': conversion from 'int' to 'float', possible loss of data
E:\UMT\1st Semester\Projects\Programming Fundamentals(PF)\Code\SAS Resturant Application\Source.cpp(824,14): warning C4244: 'argument': conversion from 'int' to 'float', possible loss of data
E:\UMT\1st Semester\Projects\Programming Fundamentals(PF)\Code\SAS Resturant Application\Source.cpp(829,14): warning C4244: 'argument': conversion from 'int' to 'float', possible loss of data
E:\UMT\1st Semester\Projects\Programming Fundamentals(PF)\Code\SAS Resturant Application\Source.cpp(867,10): warning C4244: 'argument': conversion from 'int' to 'float', possible loss of data
E:\UMT\1st Semester\Projects\Programming Fundamentals(PF)\Code\SAS Resturant Application\Source.cpp(1009,13): warning C4244: 'argument': conversion from 'int' to 'float', possible loss of data
E:\UMT\1st Semester\Projects\Programming Fundamentals(PF)\Code\SAS Resturant Application\Source.cpp(1014,14): warning C4244: 'argument': conversion from 'int' to 'float', possible loss of data
E:\UMT\1st Semester\Projects\Programming Fundamentals(PF)\Code\SAS Resturant Application\Source.cpp(1019,14): warning C4244: 'argument': conversion from 'int' to 'float', possible loss of data
E:\UMT\1st Semester\Projects\Programming Fundamentals(PF)\Code\SAS Resturant Application\Source.cpp(1024,14): warning C4244: 'argument': conversion from 'int' to 'float', possible loss of data
E:\UMT\1st Semester\Projects\Programming Fundamentals(PF)\Code\SAS Resturant Application\Source.cpp(1057,10): warning C4244: 'argument': conversion from 'int' to 'float', possible loss of data
E:\UMT\1st Semester\Projects\Programming Fundamentals(PF)\Code\SAS Resturant Application\Source.cpp(1195,13): warning C4244: 'argument': conversion from 'int' to 'float', possible loss of data
E:\UMT\1st Semester\Projects\Programming Fundamentals(PF)\Code\SAS Resturant Application\Source.cpp(1200,14): warning C4244: 'argument': conversion from 'int' to 'float', possible loss of data
E:\UMT\1st Semester\Projects\Programming Fundamentals(PF)\Code\SAS Resturant Application\Source.cpp(1250,14): warning C4244: 'argument': conversion from 'int' to 'float', possible loss of data
E:\UMT\1st Semester\Projects\Programming Fundamentals(PF)\Code\SAS Resturant Application\Source.cpp(1255,15): warning C4244: 'argument': conversion from 'int' to 'float', possible loss of data
E:\UMT\1st Semester\Projects\Programming Fundamentals(PF)\Code\SAS Resturant Application\Source.cpp(1331,12): warning C4553: '==': result of expression not used; did you intend '='?
E:\UMT\1st Semester\Projects\Programming Fundamentals(PF)\Code\SAS Resturant Application\Source.cpp(1179,6): warning C4101: 'choice_On_Termination': unreferenced local variable
E:\UMT\1st Semester\Projects\Programming Fundamentals(PF)\Code\SAS Resturant Application\Source.cpp(1371,13): warning C4244: 'argument': conversion from 'int' to 'float', possible loss of data
E:\UMT\1st Semester\Projects\Programming Fundamentals(PF)\Code\SAS Resturant Application\Source.cpp(1376,14): warning C4244: 'argument': conversion from 'int' to 'float', possible loss of data
E:\UMT\1st Semester\Projects\Programming Fundamentals(PF)\Code\SAS Resturant Application\Source.cpp(1381,14): warning C4244: 'argument': conversion from 'int' to 'float', possible loss of data
E:\UMT\1st Semester\Projects\Programming Fundamentals(PF)\Code\SAS Resturant Application\Source.cpp(1386,14): warning C4244: 'argument': conversion from 'int' to 'float', possible loss of data
E:\UMT\1st Semester\Projects\Programming Fundamentals(PF)\Code\SAS Resturant Application\Source.cpp(1419,10): warning C4244: 'argument': conversion from 'int' to 'float', possible loss of data
E:\UMT\1st Semester\Projects\Programming Fundamentals(PF)\Code\SAS Resturant Application\Source.cpp(1544,13): warning C4244: 'argument': conversion from 'int' to 'float', possible loss of data
E:\UMT\1st Semester\Projects\Programming Fundamentals(PF)\Code\SAS Resturant Application\Source.cpp(1549,14): warning C4244: 'argument': conversion from 'int' to 'float', possible loss of data
E:\UMT\1st Semester\Projects\Programming Fundamentals(PF)\Code\SAS Resturant Application\Source.cpp(1554,14): warning C4244: 'argument': conversion from 'int' to 'float', possible loss of data
E:\UMT\1st Semester\Projects\Programming Fundamentals(PF)\Code\SAS Resturant Application\Source.cpp(1559,14): warning C4244: 'argument': conversion from 'int' to 'float', possible loss of data
E:\UMT\1st Semester\Projects\Programming Fundamentals(PF)\Code\SAS Resturant Application\Source.cpp(1592,10): warning C4244: 'argument': conversion from 'int' to 'float', possible loss of data
E:\UMT\1st Semester\Projects\Programming Fundamentals(PF)\Code\SAS Resturant Application\Source.cpp(1597,10): warning C4244: 'argument': conversion from 'int' to 'float', possible loss of data
E:\UMT\1st Semester\Projects\Programming Fundamentals(PF)\Code\SAS Resturant Application\Source.cpp(1691,13): warning C4244: 'argument': conversion from 'int' to 'float', possible loss of data
E:\UMT\1st Semester\Projects\Programming Fundamentals(PF)\Code\SAS Resturant Application\Source.cpp(1696,14): warning C4244: 'argument': conversion from 'int' to 'float', possible loss of data
E:\UMT\1st Semester\Projects\Programming Fundamentals(PF)\Code\SAS Resturant Application\Source.cpp(1701,14): warning C4244: 'argument': conversion from 'int' to 'float', possible loss of data
E:\UMT\1st Semester\Projects\Programming Fundamentals(PF)\Code\SAS Resturant Application\Source.cpp(1706,14): warning C4244: 'argument': conversion from 'int' to 'float', possible loss of data
E:\UMT\1st Semester\Projects\Programming Fundamentals(PF)\Code\SAS Resturant Application\Source.cpp(1739,10): warning C4244: 'argument': conversion from 'int' to 'float', possible loss of data
E:\UMT\1st Semester\Projects\Programming Fundamentals(PF)\Code\SAS Resturant Application\Source.cpp(1888,13): warning C4244: 'argument': conversion from 'int' to 'float', possible loss of data
E:\UMT\1st Semester\Projects\Programming Fundamentals(PF)\Code\SAS Resturant Application\Source.cpp(1893,14): warning C4244: 'argument': conversion from 'int' to 'float', possible loss of data
E:\UMT\1st Semester\Projects\Programming Fundamentals(PF)\Code\SAS Resturant Application\Source.cpp(1962,15): warning C4244: 'argument': conversion from 'int' to 'float', possible loss of data
E:\UMT\1st Semester\Projects\Programming Fundamentals(PF)\Code\SAS Resturant Application\Source.cpp(1967,16): warning C4244: 'argument': conversion from 'int' to 'float', possible loss of data
E:\UMT\1st Semester\Projects\Programming Fundamentals(PF)\Code\SAS Resturant Application\Source.cpp(2002,15): warning C4244: 'argument': conversion from 'int' to 'float', possible loss of data
E:\UMT\1st Semester\Projects\Programming Fundamentals(PF)\Code\SAS Resturant Application\Source.cpp(2007,16): warning C4244: 'argument': conversion from 'int' to 'float', possible loss of data
E:\UMT\1st Semester\Projects\Programming Fundamentals(PF)\Code\SAS Resturant Application\Source.cpp(2124,13): warning C4244: 'argument': conversion from 'int' to 'float', possible loss of data
E:\UMT\1st Semester\Projects\Programming Fundamentals(PF)\Code\SAS Resturant Application\Source.cpp(2129,14): warning C4244: 'argument': conversion from 'int' to 'float', possible loss of data
E:\UMT\1st Semester\Projects\Programming Fundamentals(PF)\Code\SAS Resturant Application\Source.cpp(2193,15): warning C4244: 'argument': conversion from 'int' to 'float', possible loss of data
E:\UMT\1st Semester\Projects\Programming Fundamentals(PF)\Code\SAS Resturant Application\Source.cpp(2198,16): warning C4244: 'argument': conversion from 'int' to 'float', possible loss of data
E:\UMT\1st Semester\Projects\Programming Fundamentals(PF)\Code\SAS Resturant Application\Source.cpp(2262,15): warning C4244: 'argument': conversion from 'int' to 'float', possible loss of data
E:\UMT\1st Semester\Projects\Programming Fundamentals(PF)\Code\SAS Resturant Application\Source.cpp(2267,16): warning C4244: 'argument': conversion from 'int' to 'float', possible loss of data
E:\UMT\1st Semester\Projects\Programming Fundamentals(PF)\Code\SAS Resturant Application\Source.cpp(2380,13): warning C4244: 'argument': conversion from 'int' to 'float', possible loss of data
E:\UMT\1st Semester\Projects\Programming Fundamentals(PF)\Code\SAS Resturant Application\Source.cpp(2385,14): warning C4244: 'argument': conversion from 'int' to 'float', possible loss of data
E:\UMT\1st Semester\Projects\Programming Fundamentals(PF)\Code\SAS Resturant Application\Source.cpp(2408,18): warning C4244: 'argument': conversion from 'int' to 'float', possible loss of data
E:\UMT\1st Semester\Projects\Programming Fundamentals(PF)\Code\SAS Resturant Application\Source.cpp(2408,11): warning C4244: 'argument': conversion from 'int' to 'float', possible loss of data
E:\UMT\1st Semester\Projects\Programming Fundamentals(PF)\Code\SAS Resturant Application\Source.cpp(2411,18): warning C4244: 'argument': conversion from 'int' to 'float', possible loss of data
E:\UMT\1st Semester\Projects\Programming Fundamentals(PF)\Code\SAS Resturant Application\Source.cpp(2411,11): warning C4244: 'argument': conversion from 'int' to 'float', possible loss of data
E:\UMT\1st Semester\Projects\Programming Fundamentals(PF)\Code\SAS Resturant Application\Source.cpp(2414,18): warning C4244: 'argument': conversion from 'int' to 'float', possible loss of data
E:\UMT\1st Semester\Projects\Programming Fundamentals(PF)\Code\SAS Resturant Application\Source.cpp(2414,11): warning C4244: 'argument': conversion from 'int' to 'float', possible loss of data
E:\UMT\1st Semester\Projects\Programming Fundamentals(PF)\Code\SAS Resturant Application\Source.cpp(2484,13): warning C4244: 'argument': conversion from 'int' to 'float', possible loss of data
E:\UMT\1st Semester\Projects\Programming Fundamentals(PF)\Code\SAS Resturant Application\Source.cpp(2489,14): warning C4244: 'argument': conversion from 'int' to 'float', possible loss of data
E:\UMT\1st Semester\Projects\Programming Fundamentals(PF)\Code\SAS Resturant Application\Source.cpp(2587,15): warning C4244: 'argument': conversion from 'int' to 'float', possible loss of data
E:\UMT\1st Semester\Projects\Programming Fundamentals(PF)\Code\SAS Resturant Application\Source.cpp(2592,16): warning C4244: 'argument': conversion from 'int' to 'float', possible loss of data
E:\UMT\1st Semester\Projects\Programming Fundamentals(PF)\Code\SAS Resturant Application\Source.cpp(2697,13): warning C4244: 'argument': conversion from 'int' to 'float', possible loss of data
E:\UMT\1st Semester\Projects\Programming Fundamentals(PF)\Code\SAS Resturant Application\Source.cpp(2702,14): warning C4244: 'argument': conversion from 'int' to 'float', possible loss of data
E:\UMT\1st Semester\Projects\Programming Fundamentals(PF)\Code\SAS Resturant Application\Source.cpp(2786,15): warning C4244: 'argument': conversion from 'int' to 'float', possible loss of data
E:\UMT\1st Semester\Projects\Programming Fundamentals(PF)\Code\SAS Resturant Application\Source.cpp(2791,16): warning C4244: 'argument': conversion from 'int' to 'float', possible loss of data
E:\UMT\1st Semester\Projects\Programming Fundamentals(PF)\Code\SAS Resturant Application\Source.cpp(2829,15): warning C4244: 'argument': conversion from 'int' to 'float', possible loss of data
E:\UMT\1st Semester\Projects\Programming Fundamentals(PF)\Code\SAS Resturant Application\Source.cpp(2834,16): warning C4244: 'argument': conversion from 'int' to 'float', possible loss of data
E:\UMT\1st Semester\Projects\Programming Fundamentals(PF)\Code\SAS Resturant Application\Source.cpp(2960,13): warning C4244: 'argument': conversion from 'int' to 'float', possible loss of data
E:\UMT\1st Semester\Projects\Programming Fundamentals(PF)\Code\SAS Resturant Application\Source.cpp(2965,14): warning C4244: 'argument': conversion from 'int' to 'float', possible loss of data
E:\UMT\1st Semester\Projects\Programming Fundamentals(PF)\Code\SAS Resturant Application\Source.cpp(2994,18): warning C4244: 'argument': conversion from 'int' to 'float', possible loss of data
E:\UMT\1st Semester\Projects\Programming Fundamentals(PF)\Code\SAS Resturant Application\Source.cpp(2994,11): warning C4244: 'argument': conversion from 'int' to 'float', possible loss of data
E:\UMT\1st Semester\Projects\Programming Fundamentals(PF)\Code\SAS Resturant Application\Source.cpp(2997,18): warning C4244: 'argument': conversion from 'int' to 'float', possible loss of data
E:\UMT\1st Semester\Projects\Programming Fundamentals(PF)\Code\SAS Resturant Application\Source.cpp(2997,11): warning C4244: 'argument': conversion from 'int' to 'float', possible loss of data
E:\UMT\1st Semester\Projects\Programming Fundamentals(PF)\Code\SAS Resturant Application\Source.cpp(3000,18): warning C4244: 'argument': conversion from 'int' to 'float', possible loss of data
E:\UMT\1st Semester\Projects\Programming Fundamentals(PF)\Code\SAS Resturant Application\Source.cpp(3000,11): warning C4244: 'argument': conversion from 'int' to 'float', possible loss of data
E:\UMT\1st Semester\Projects\Programming Fundamentals(PF)\Code\SAS Resturant Application\Source.cpp(3003,18): warning C4244: 'argument': conversion from 'int' to 'float', possible loss of data
E:\UMT\1st Semester\Projects\Programming Fundamentals(PF)\Code\SAS Resturant Application\Source.cpp(3003,11): warning C4244: 'argument': conversion from 'int' to 'float', possible loss of data
E:\UMT\1st Semester\Projects\Programming Fundamentals(PF)\Code\SAS Resturant Application\Source.cpp(3112,13): warning C4244: 'argument': conversion from 'int' to 'float', possible loss of data
E:\UMT\1st Semester\Projects\Programming Fundamentals(PF)\Code\SAS Resturant Application\Source.cpp(3117,14): warning C4244: 'argument': conversion from 'int' to 'float', possible loss of data
E:\UMT\1st Semester\Projects\Programming Fundamentals(PF)\Code\SAS Resturant Application\Source.cpp(3181,15): warning C4244: 'argument': conversion from 'int' to 'float', possible loss of data
E:\UMT\1st Semester\Projects\Programming Fundamentals(PF)\Code\SAS Resturant Application\Source.cpp(3186,16): warning C4244: 'argument': conversion from 'int' to 'float', possible loss of data
E:\UMT\1st Semester\Projects\Programming Fundamentals(PF)\Code\SAS Resturant Application\Source.cpp(3376,15): warning C4244: 'argument': conversion from 'int' to 'float', possible loss of data
E:\UMT\1st Semester\Projects\Programming Fundamentals(PF)\Code\SAS Resturant Application\Source.cpp(3381,16): warning C4244: 'argument': conversion from 'int' to 'float', possible loss of data
E:\UMT\1st Semester\Projects\Programming Fundamentals(PF)\Code\SAS Resturant Application\Source.cpp(3494,13): warning C4244: 'argument': conversion from 'int' to 'float', possible loss of data
E:\UMT\1st Semester\Projects\Programming Fundamentals(PF)\Code\SAS Resturant Application\Source.cpp(3499,14): warning C4244: 'argument': conversion from 'int' to 'float', possible loss of data
E:\UMT\1st Semester\Projects\Programming Fundamentals(PF)\Code\SAS Resturant Application\Source.cpp(3562,15): warning C4244: 'argument': conversion from 'int' to 'float', possible loss of data
E:\UMT\1st Semester\Projects\Programming Fundamentals(PF)\Code\SAS Resturant Application\Source.cpp(3567,16): warning C4244: 'argument': conversion from 'int' to 'float', possible loss of data
E:\UMT\1st Semester\Projects\Programming Fundamentals(PF)\Code\SAS Resturant Application\Source.cpp(3618,15): warning C4244: 'argument': conversion from 'int' to 'float', possible loss of data
E:\UMT\1st Semester\Projects\Programming Fundamentals(PF)\Code\SAS Resturant Application\Source.cpp(3623,16): warning C4244: 'argument': conversion from 'int' to 'float', possible loss of data
E:\UMT\1st Semester\Projects\Programming Fundamentals(PF)\Code\SAS Resturant Application\Source.cpp(3736,13): warning C4244: 'argument': conversion from 'int' to 'float', possible loss of data
E:\UMT\1st Semester\Projects\Programming Fundamentals(PF)\Code\SAS Resturant Application\Source.cpp(3741,14): warning C4244: 'argument': conversion from 'int' to 'float', possible loss of data
E:\UMT\1st Semester\Projects\Programming Fundamentals(PF)\Code\SAS Resturant Application\Source.cpp(3804,15): warning C4244: 'argument': conversion from 'int' to 'float', possible loss of data
E:\UMT\1st Semester\Projects\Programming Fundamentals(PF)\Code\SAS Resturant Application\Source.cpp(3809,16): warning C4244: 'argument': conversion from 'int' to 'float', possible loss of data
E:\UMT\1st Semester\Projects\Programming Fundamentals(PF)\Code\SAS Resturant Application\Source.cpp(3860,15): warning C4244: 'argument': conversion from 'int' to 'float', possible loss of data
E:\UMT\1st Semester\Projects\Programming Fundamentals(PF)\Code\SAS Resturant Application\Source.cpp(3865,16): warning C4244: 'argument': conversion from 'int' to 'float', possible loss of data
E:\UMT\1st Semester\Projects\Programming Fundamentals(PF)\Code\SAS Resturant Application\Source.cpp(3978,13): warning C4244: 'argument': conversion from 'int' to 'float', possible loss of data
E:\UMT\1st Semester\Projects\Programming Fundamentals(PF)\Code\SAS Resturant Application\Source.cpp(3983,14): warning C4244: 'argument': conversion from 'int' to 'float', possible loss of data
E:\UMT\1st Semester\Projects\Programming Fundamentals(PF)\Code\SAS Resturant Application\Source.cpp(4088,15): warning C4244: 'argument': conversion from 'int' to 'float', possible loss of data
E:\UMT\1st Semester\Projects\Programming Fundamentals(PF)\Code\SAS Resturant Application\Source.cpp(4093,16): warning C4244: 'argument': conversion from 'int' to 'float', possible loss of data
E:\UMT\1st Semester\Projects\Programming Fundamentals(PF)\Code\SAS Resturant Application\Source.cpp(4212,13): warning C4244: 'argument': conversion from 'int' to 'float', possible loss of data
E:\UMT\1st Semester\Projects\Programming Fundamentals(PF)\Code\SAS Resturant Application\Source.cpp(4217,14): warning C4244: 'argument': conversion from 'int' to 'float', possible loss of data
E:\UMT\1st Semester\Projects\Programming Fundamentals(PF)\Code\SAS Resturant Application\Source.cpp(4262,19): warning C4244: 'argument': conversion from 'int' to 'float', possible loss of data
E:\UMT\1st Semester\Projects\Programming Fundamentals(PF)\Code\SAS Resturant Application\Source.cpp(4262,12): warning C4244: 'argument': conversion from 'int' to 'float', possible loss of data
E:\UMT\1st Semester\Projects\Programming Fundamentals(PF)\Code\SAS Resturant Application\Source.cpp(4265,19): warning C4244: 'argument': conversion from 'int' to 'float', possible loss of data
E:\UMT\1st Semester\Projects\Programming Fundamentals(PF)\Code\SAS Resturant Application\Source.cpp(4265,12): warning C4244: 'argument': conversion from 'int' to 'float', possible loss of data
E:\UMT\1st Semester\Projects\Programming Fundamentals(PF)\Code\SAS Resturant Application\Source.cpp(4268,19): warning C4244: 'argument': conversion from 'int' to 'float', possible loss of data
E:\UMT\1st Semester\Projects\Programming Fundamentals(PF)\Code\SAS Resturant Application\Source.cpp(4268,12): warning C4244: 'argument': conversion from 'int' to 'float', possible loss of data
E:\UMT\1st Semester\Projects\Programming Fundamentals(PF)\Code\SAS Resturant Application\Source.cpp(4271,19): warning C4244: 'argument': conversion from 'int' to 'float', possible loss of data
E:\UMT\1st Semester\Projects\Programming Fundamentals(PF)\Code\SAS Resturant Application\Source.cpp(4271,12): warning C4244: 'argument': conversion from 'int' to 'float', possible loss of data
E:\UMT\1st Semester\Projects\Programming Fundamentals(PF)\Code\SAS Resturant Application\Source.cpp(4381,13): warning C4244: 'argument': conversion from 'int' to 'float', possible loss of data
E:\UMT\1st Semester\Projects\Programming Fundamentals(PF)\Code\SAS Resturant Application\Source.cpp(4386,14): warning C4244: 'argument': conversion from 'int' to 'float', possible loss of data
E:\UMT\1st Semester\Projects\Programming Fundamentals(PF)\Code\SAS Resturant Application\Source.cpp(4431,19): warning C4244: 'argument': conversion from 'int' to 'float', possible loss of data
E:\UMT\1st Semester\Projects\Programming Fundamentals(PF)\Code\SAS Resturant Application\Source.cpp(4431,12): warning C4244: 'argument': conversion from 'int' to 'float', possible loss of data
E:\UMT\1st Semester\Projects\Programming Fundamentals(PF)\Code\SAS Resturant Application\Source.cpp(4434,19): warning C4244: 'argument': conversion from 'int' to 'float', possible loss of data
E:\UMT\1st Semester\Projects\Programming Fundamentals(PF)\Code\SAS Resturant Application\Source.cpp(4434,12): warning C4244: 'argument': conversion from 'int' to 'float', possible loss of data
E:\UMT\1st Semester\Projects\Programming Fundamentals(PF)\Code\SAS Resturant Application\Source.cpp(4437,19): warning C4244: 'argument': conversion from 'int' to 'float', possible loss of data
E:\UMT\1st Semester\Projects\Programming Fundamentals(PF)\Code\SAS Resturant Application\Source.cpp(4437,12): warning C4244: 'argument': conversion from 'int' to 'float', possible loss of data
E:\UMT\1st Semester\Projects\Programming Fundamentals(PF)\Code\SAS Resturant Application\Source.cpp(4440,19): warning C4244: 'argument': conversion from 'int' to 'float', possible loss of data
E:\UMT\1st Semester\Projects\Programming Fundamentals(PF)\Code\SAS Resturant Application\Source.cpp(4440,12): warning C4244: 'argument': conversion from 'int' to 'float', possible loss of data
E:\UMT\1st Semester\Projects\Programming Fundamentals(PF)\Code\SAS Resturant Application\Source.cpp(4550,13): warning C4244: 'argument': conversion from 'int' to 'float', possible loss of data
E:\UMT\1st Semester\Projects\Programming Fundamentals(PF)\Code\SAS Resturant Application\Source.cpp(4555,14): warning C4244: 'argument': conversion from 'int' to 'float', possible loss of data
E:\UMT\1st Semester\Projects\Programming Fundamentals(PF)\Code\SAS Resturant Application\Source.cpp(4608,14): warning C4244: 'argument': conversion from 'int' to 'float', possible loss of data
E:\UMT\1st Semester\Projects\Programming Fundamentals(PF)\Code\SAS Resturant Application\Source.cpp(4613,15): warning C4244: 'argument': conversion from 'int' to 'float', possible loss of data
E:\UMT\1st Semester\Projects\Programming Fundamentals(PF)\Code\SAS Resturant Application\Source.cpp(4634,19): warning C4244: 'argument': conversion from 'int' to 'float', possible loss of data
E:\UMT\1st Semester\Projects\Programming Fundamentals(PF)\Code\SAS Resturant Application\Source.cpp(4634,12): warning C4244: 'argument': conversion from 'int' to 'float', possible loss of data
E:\UMT\1st Semester\Projects\Programming Fundamentals(PF)\Code\SAS Resturant Application\Source.cpp(4637,19): warning C4244: 'argument': conversion from 'int' to 'float', possible loss of data
E:\UMT\1st Semester\Projects\Programming Fundamentals(PF)\Code\SAS Resturant Application\Source.cpp(4637,12): warning C4244: 'argument': conversion from 'int' to 'float', possible loss of data
E:\UMT\1st Semester\Projects\Programming Fundamentals(PF)\Code\SAS Resturant Application\Source.cpp(4640,19): warning C4244: 'argument': conversion from 'int' to 'float', possible loss of data
E:\UMT\1st Semester\Projects\Programming Fundamentals(PF)\Code\SAS Resturant Application\Source.cpp(4640,12): warning C4244: 'argument': conversion from 'int' to 'float', possible loss of data
E:\UMT\1st Semester\Projects\Programming Fundamentals(PF)\Code\SAS Resturant Application\Source.cpp(4643,19): warning C4244: 'argument': conversion from 'int' to 'float', possible loss of data
E:\UMT\1st Semester\Projects\Programming Fundamentals(PF)\Code\SAS Resturant Application\Source.cpp(4643,12): warning C4244: 'argument': conversion from 'int' to 'float', possible loss of data
E:\UMT\1st Semester\Projects\Programming Fundamentals(PF)\Code\SAS Resturant Application\Source.cpp(4758,14): warning C4244: 'argument': conversion from 'int' to 'float', possible loss of data
E:\UMT\1st Semester\Projects\Programming Fundamentals(PF)\Code\SAS Resturant Application\Source.cpp(4763,15): warning C4244: 'argument': conversion from 'int' to 'float', possible loss of data
E:\UMT\1st Semester\Projects\Programming Fundamentals(PF)\Code\SAS Resturant Application\Source.cpp(4874,13): warning C4244: 'argument': conversion from 'int' to 'float', possible loss of data
E:\UMT\1st Semester\Projects\Programming Fundamentals(PF)\Code\SAS Resturant Application\Source.cpp(4879,14): warning C4244: 'argument': conversion from 'int' to 'float', possible loss of data
E:\UMT\1st Semester\Projects\Programming Fundamentals(PF)\Code\SAS Resturant Application\Source.cpp(4930,14): warning C4244: 'argument': conversion from 'int' to 'float', possible loss of data
E:\UMT\1st Semester\Projects\Programming Fundamentals(PF)\Code\SAS Resturant Application\Source.cpp(4935,15): warning C4244: 'argument': conversion from 'int' to 'float', possible loss of data
E:\UMT\1st Semester\Projects\Programming Fundamentals(PF)\Code\SAS Resturant Application\Source.cpp(4956,19): warning C4244: 'argument': conversion from 'int' to 'float', possible loss of data
E:\UMT\1st Semester\Projects\Programming Fundamentals(PF)\Code\SAS Resturant Application\Source.cpp(4956,12): warning C4244: 'argument': conversion from 'int' to 'float', possible loss of data
E:\UMT\1st Semester\Projects\Programming Fundamentals(PF)\Code\SAS Resturant Application\Source.cpp(4959,19): warning C4244: 'argument': conversion from 'int' to 'float', possible loss of data
E:\UMT\1st Semester\Projects\Programming Fundamentals(PF)\Code\SAS Resturant Application\Source.cpp(4959,12): warning C4244: 'argument': conversion from 'int' to 'float', possible loss of data
E:\UMT\1st Semester\Projects\Programming Fundamentals(PF)\Code\SAS Resturant Application\Source.cpp(4962,19): warning C4244: 'argument': conversion from 'int' to 'float', possible loss of data
E:\UMT\1st Semester\Projects\Programming Fundamentals(PF)\Code\SAS Resturant Application\Source.cpp(4962,12): warning C4244: 'argument': conversion from 'int' to 'float', possible loss of data
E:\UMT\1st Semester\Projects\Programming Fundamentals(PF)\Code\SAS Resturant Application\Source.cpp(4965,19): warning C4244: 'argument': conversion from 'int' to 'float', possible loss of data
E:\UMT\1st Semester\Projects\Programming Fundamentals(PF)\Code\SAS Resturant Application\Source.cpp(4965,12): warning C4244: 'argument': conversion from 'int' to 'float', possible loss of data
E:\UMT\1st Semester\Projects\Programming Fundamentals(PF)\Code\SAS Resturant Application\Source.cpp(5078,14): warning C4244: 'argument': conversion from 'int' to 'float', possible loss of data
E:\UMT\1st Semester\Projects\Programming Fundamentals(PF)\Code\SAS Resturant Application\Source.cpp(5083,15): warning C4244: 'argument': conversion from 'int' to 'float', possible loss of data
E:\UMT\1st Semester\Projects\Programming Fundamentals(PF)\Code\SAS Resturant Application\Source.cpp(5194,13): warning C4244: 'argument': conversion from 'int' to 'float', possible loss of data
E:\UMT\1st Semester\Projects\Programming Fundamentals(PF)\Code\SAS Resturant Application\Source.cpp(5199,14): warning C4244: 'argument': conversion from 'int' to 'float', possible loss of data
E:\UMT\1st Semester\Projects\Programming Fundamentals(PF)\Code\SAS Resturant Application\Source.cpp(5265,15): warning C4244: 'argument': conversion from 'int' to 'float', possible loss of data
E:\UMT\1st Semester\Projects\Programming Fundamentals(PF)\Code\SAS Resturant Application\Source.cpp(5270,16): warning C4244: 'argument': conversion from 'int' to 'float', possible loss of data
E:\UMT\1st Semester\Projects\Programming Fundamentals(PF)\Code\SAS Resturant Application\Source.cpp(5291,20): warning C4244: 'argument': conversion from 'int' to 'float', possible loss of data
E:\UMT\1st Semester\Projects\Programming Fundamentals(PF)\Code\SAS Resturant Application\Source.cpp(5291,13): warning C4244: 'argument': conversion from 'int' to 'float', possible loss of data
E:\UMT\1st Semester\Projects\Programming Fundamentals(PF)\Code\SAS Resturant Application\Source.cpp(5294,20): warning C4244: 'argument': conversion from 'int' to 'float', possible loss of data
E:\UMT\1st Semester\Projects\Programming Fundamentals(PF)\Code\SAS Resturant Application\Source.cpp(5294,13): warning C4244: 'argument': conversion from 'int' to 'float', possible loss of data
E:\UMT\1st Semester\Projects\Programming Fundamentals(PF)\Code\SAS Resturant Application\Source.cpp(5297,20): warning C4244: 'argument': conversion from 'int' to 'float', possible loss of data
E:\UMT\1st Semester\Projects\Programming Fundamentals(PF)\Code\SAS Resturant Application\Source.cpp(5297,13): warning C4244: 'argument': conversion from 'int' to 'float', possible loss of data
E:\UMT\1st Semester\Projects\Programming Fundamentals(PF)\Code\SAS Resturant Application\Source.cpp(5300,20): warning C4244: 'argument': conversion from 'int' to 'float', possible loss of data
E:\UMT\1st Semester\Projects\Programming Fundamentals(PF)\Code\SAS Resturant Application\Source.cpp(5300,13): warning C4244: 'argument': conversion from 'int' to 'float', possible loss of data
E:\UMT\1st Semester\Projects\Programming Fundamentals(PF)\Code\SAS Resturant Application\Source.cpp(5370,15): warning C4244: 'argument': conversion from 'int' to 'float', possible loss of data
E:\UMT\1st Semester\Projects\Programming Fundamentals(PF)\Code\SAS Resturant Application\Source.cpp(5375,16): warning C4244: 'argument': conversion from 'int' to 'float', possible loss of data
E:\UMT\1st Semester\Projects\Programming Fundamentals(PF)\Code\SAS Resturant Application\Source.cpp(5488,13): warning C4244: 'argument': conversion from 'int' to 'float', possible loss of data
E:\UMT\1st Semester\Projects\Programming Fundamentals(PF)\Code\SAS Resturant Application\Source.cpp(5493,14): warning C4244: 'argument': conversion from 'int' to 'float', possible loss of data
E:\UMT\1st Semester\Projects\Programming Fundamentals(PF)\Code\SAS Resturant Application\Source.cpp(5557,15): warning C4244: 'argument': conversion from 'int' to 'float', possible loss of data
E:\UMT\1st Semester\Projects\Programming Fundamentals(PF)\Code\SAS Resturant Application\Source.cpp(5562,16): warning C4244: 'argument': conversion from 'int' to 'float', possible loss of data
E:\UMT\1st Semester\Projects\Programming Fundamentals(PF)\Code\SAS Resturant Application\Source.cpp(5662,17): warning C4244: 'argument': conversion from 'int' to 'float', possible loss of data
E:\UMT\1st Semester\Projects\Programming Fundamentals(PF)\Code\SAS Resturant Application\Source.cpp(5667,18): warning C4244: 'argument': conversion from 'int' to 'float', possible loss of data
E:\UMT\1st Semester\Projects\Programming Fundamentals(PF)\Code\SAS Resturant Application\Source.cpp(5781,15): warning C4244: 'argument': conversion from 'int' to 'float', possible loss of data
E:\UMT\1st Semester\Projects\Programming Fundamentals(PF)\Code\SAS Resturant Application\Source.cpp(5786,16): warning C4244: 'argument': conversion from 'int' to 'float', possible loss of data
E:\UMT\1st Semester\Projects\Programming Fundamentals(PF)\Code\SAS Resturant Application\Source.cpp(5885,13): warning C4244: 'argument': conversion from 'int' to 'float', possible loss of data
E:\UMT\1st Semester\Projects\Programming Fundamentals(PF)\Code\SAS Resturant Application\Source.cpp(5890,14): warning C4244: 'argument': conversion from 'int' to 'float', possible loss of data
E:\UMT\1st Semester\Projects\Programming Fundamentals(PF)\Code\SAS Resturant Application\Source.cpp(5907,10): warning C4244: 'argument': conversion from 'int' to 'float', possible loss of data
E:\UMT\1st Semester\Projects\Programming Fundamentals(PF)\Code\SAS Resturant Application\Source.cpp(5936,14): warning C4244: 'argument': conversion from 'int' to 'float', possible loss of data
E:\UMT\1st Semester\Projects\Programming Fundamentals(PF)\Code\SAS Resturant Application\Source.cpp(5938,14): warning C4244: 'argument': conversion from 'int' to 'float', possible loss of data
E:\UMT\1st Semester\Projects\Programming Fundamentals(PF)\Code\SAS Resturant Application\Source.cpp(6008,13): warning C4244: 'argument': conversion from 'int' to 'float', possible loss of data
E:\UMT\1st Semester\Projects\Programming Fundamentals(PF)\Code\SAS Resturant Application\Source.cpp(6013,14): warning C4244: 'argument': conversion from 'int' to 'float', possible loss of data
E:\UMT\1st Semester\Projects\Programming Fundamentals(PF)\Code\SAS Resturant Application\Source.cpp(6178,15): warning C4244: 'argument': conversion from 'int' to 'float', possible loss of data
E:\UMT\1st Semester\Projects\Programming Fundamentals(PF)\Code\SAS Resturant Application\Source.cpp(6183,16): warning C4244: 'argument': conversion from 'int' to 'float', possible loss of data
E:\UMT\1st Semester\Projects\Programming Fundamentals(PF)\Code\SAS Resturant Application\Source.cpp(6301,13): warning C4244: 'argument': conversion from 'int' to 'float', possible loss of data
E:\UMT\1st Semester\Projects\Programming Fundamentals(PF)\Code\SAS Resturant Application\Source.cpp(6306,14): warning C4244: 'argument': conversion from 'int' to 'float', possible loss of data
E:\UMT\1st Semester\Projects\Programming Fundamentals(PF)\Code\SAS Resturant Application\Source.cpp(6446,15): warning C4244: 'argument': conversion from 'int' to 'float', possible loss of data
E:\UMT\1st Semester\Projects\Programming Fundamentals(PF)\Code\SAS Resturant Application\Source.cpp(6451,16): warning C4244: 'argument': conversion from 'int' to 'float', possible loss of data
E:\UMT\1st Semester\Projects\Programming Fundamentals(PF)\Code\SAS Resturant Application\Source.cpp(6560,13): warning C4244: 'argument': conversion from 'int' to 'float', possible loss of data
E:\UMT\1st Semester\Projects\Programming Fundamentals(PF)\Code\SAS Resturant Application\Source.cpp(6565,14): warning C4244: 'argument': conversion from 'int' to 'float', possible loss of data
E:\UMT\1st Semester\Projects\Programming Fundamentals(PF)\Code\SAS Resturant Application\Source.cpp(6590,18): warning C4244: 'argument': conversion from 'int' to 'float', possible loss of data
E:\UMT\1st Semester\Projects\Programming Fundamentals(PF)\Code\SAS Resturant Application\Source.cpp(6590,11): warning C4244: 'argument': conversion from 'int' to 'float', possible loss of data
E:\UMT\1st Semester\Projects\Programming Fundamentals(PF)\Code\SAS Resturant Application\Source.cpp(6593,18): warning C4244: 'argument': conversion from 'int' to 'float', possible loss of data
E:\UMT\1st Semester\Projects\Programming Fundamentals(PF)\Code\SAS Resturant Application\Source.cpp(6593,11): warning C4244: 'argument': conversion from 'int' to 'float', possible loss of data
E:\UMT\1st Semester\Projects\Programming Fundamentals(PF)\Code\SAS Resturant Application\Source.cpp(6596,18): warning C4244: 'argument': conversion from 'int' to 'float', possible loss of data
E:\UMT\1st Semester\Projects\Programming Fundamentals(PF)\Code\SAS Resturant Application\Source.cpp(6596,11): warning C4244: 'argument': conversion from 'int' to 'float', possible loss of data
E:\UMT\1st Semester\Projects\Programming Fundamentals(PF)\Code\SAS Resturant Application\Source.cpp(6599,18): warning C4244: 'argument': conversion from 'int' to 'float', possible loss of data
E:\UMT\1st Semester\Projects\Programming Fundamentals(PF)\Code\SAS Resturant Application\Source.cpp(6599,11): warning C4244: 'argument': conversion from 'int' to 'float', possible loss of data
E:\UMT\1st Semester\Projects\Programming Fundamentals(PF)\Code\SAS Resturant Application\Source.cpp(6724,13): warning C4244: 'argument': conversion from 'int' to 'float', possible loss of data
E:\UMT\1st Semester\Projects\Programming Fundamentals(PF)\Code\SAS Resturant Application\Source.cpp(6729,14): warning C4244: 'argument': conversion from 'int' to 'float', possible loss of data
E:\UMT\1st Semester\Projects\Programming Fundamentals(PF)\Code\SAS Resturant Application\Source.cpp(6746,16): warning C4244: 'argument': conversion from 'int' to 'float', possible loss of data
E:\UMT\1st Semester\Projects\Programming Fundamentals(PF)\Code\SAS Resturant Application\Source.cpp(6746,9): warning C4244: 'argument': conversion from 'int' to 'float', possible loss of data
E:\UMT\1st Semester\Projects\Programming Fundamentals(PF)\Code\SAS Resturant Application\Source.cpp(6749,16): warning C4244: 'argument': conversion from 'int' to 'float', possible loss of data
E:\UMT\1st Semester\Projects\Programming Fundamentals(PF)\Code\SAS Resturant Application\Source.cpp(6749,9): warning C4244: 'argument': conversion from 'int' to 'float', possible loss of data
E:\UMT\1st Semester\Projects\Programming Fundamentals(PF)\Code\SAS Resturant Application\Source.cpp(6752,16): warning C4244: 'argument': conversion from 'int' to 'float', possible loss of data
E:\UMT\1st Semester\Projects\Programming Fundamentals(PF)\Code\SAS Resturant Application\Source.cpp(6752,9): warning C4244: 'argument': conversion from 'int' to 'float', possible loss of data
E:\UMT\1st Semester\Projects\Programming Fundamentals(PF)\Code\SAS Resturant Application\Source.cpp(6755,16): warning C4244: 'argument': conversion from 'int' to 'float', possible loss of data
E:\UMT\1st Semester\Projects\Programming Fundamentals(PF)\Code\SAS Resturant Application\Source.cpp(6755,9): warning C4244: 'argument': conversion from 'int' to 'float', possible loss of data
E:\UMT\1st Semester\Projects\Programming Fundamentals(PF)\Code\SAS Resturant Application\Source.cpp(6869,13): warning C4244: 'argument': conversion from 'int' to 'float', possible loss of data
E:\UMT\1st Semester\Projects\Programming Fundamentals(PF)\Code\SAS Resturant Application\Source.cpp(6874,14): warning C4244: 'argument': conversion from 'int' to 'float', possible loss of data
E:\UMT\1st Semester\Projects\Programming Fundamentals(PF)\Code\SAS Resturant Application\Source.cpp(6901,18): warning C4244: 'argument': conversion from 'int' to 'float', possible loss of data
E:\UMT\1st Semester\Projects\Programming Fundamentals(PF)\Code\SAS Resturant Application\Source.cpp(6901,11): warning C4244: 'argument': conversion from 'int' to 'float', possible loss of data
E:\UMT\1st Semester\Projects\Programming Fundamentals(PF)\Code\SAS Resturant Application\Source.cpp(6904,18): warning C4244: 'argument': conversion from 'int' to 'float', possible loss of data
E:\UMT\1st Semester\Projects\Programming Fundamentals(PF)\Code\SAS Resturant Application\Source.cpp(6904,11): warning C4244: 'argument': conversion from 'int' to 'float', possible loss of data
E:\UMT\1st Semester\Projects\Programming Fundamentals(PF)\Code\SAS Resturant Application\Source.cpp(6907,18): warning C4244: 'argument': conversion from 'int' to 'float', possible loss of data
E:\UMT\1st Semester\Projects\Programming Fundamentals(PF)\Code\SAS Resturant Application\Source.cpp(6907,11): warning C4244: 'argument': conversion from 'int' to 'float', possible loss of data
E:\UMT\1st Semester\Projects\Programming Fundamentals(PF)\Code\SAS Resturant Application\Source.cpp(6913,18): warning C4244: 'argument': conversion from 'int' to 'float', possible loss of data
E:\UMT\1st Semester\Projects\Programming Fundamentals(PF)\Code\SAS Resturant Application\Source.cpp(6913,11): warning C4244: 'argument': conversion from 'int' to 'float', possible loss of data
E:\UMT\1st Semester\Projects\Programming Fundamentals(PF)\Code\SAS Resturant Application\Source.cpp(7042,13): warning C4244: 'argument': conversion from 'int' to 'float', possible loss of data
E:\UMT\1st Semester\Projects\Programming Fundamentals(PF)\Code\SAS Resturant Application\Source.cpp(7047,14): warning C4244: 'argument': conversion from 'int' to 'float', possible loss of data
E:\UMT\1st Semester\Projects\Programming Fundamentals(PF)\Code\SAS Resturant Application\Source.cpp(7064,16): warning C4244: 'argument': conversion from 'int' to 'float', possible loss of data
E:\UMT\1st Semester\Projects\Programming Fundamentals(PF)\Code\SAS Resturant Application\Source.cpp(7064,9): warning C4244: 'argument': conversion from 'int' to 'float', possible loss of data
E:\UMT\1st Semester\Projects\Programming Fundamentals(PF)\Code\SAS Resturant Application\Source.cpp(7067,16): warning C4244: 'argument': conversion from 'int' to 'float', possible loss of data
E:\UMT\1st Semester\Projects\Programming Fundamentals(PF)\Code\SAS Resturant Application\Source.cpp(7067,9): warning C4244: 'argument': conversion from 'int' to 'float', possible loss of data
E:\UMT\1st Semester\Projects\Programming Fundamentals(PF)\Code\SAS Resturant Application\Source.cpp(7070,16): warning C4244: 'argument': conversion from 'int' to 'float', possible loss of data
E:\UMT\1st Semester\Projects\Programming Fundamentals(PF)\Code\SAS Resturant Application\Source.cpp(7070,9): warning C4244: 'argument': conversion from 'int' to 'float', possible loss of data
E:\UMT\1st Semester\Projects\Programming Fundamentals(PF)\Code\SAS Resturant Application\Source.cpp(7073,16): warning C4244: 'argument': conversion from 'int' to 'float', possible loss of data
E:\UMT\1st Semester\Projects\Programming Fundamentals(PF)\Code\SAS Resturant Application\Source.cpp(7073,9): warning C4244: 'argument': conversion from 'int' to 'float', possible loss of data
E:\UMT\1st Semester\Projects\Programming Fundamentals(PF)\Code\SAS Resturant Application\Source.cpp(376): warning C4715: 'check_number': not all control paths return a value
  SAS Resturant Application.vcxproj -> E:\UMT\1st Semester\Projects\Programming Fundamentals(PF)\Code\SAS Resturant Application\x64\Debug\SAS Resturant Application.exe
